------------------------------------START------------------------------------------ 
Sat 06/13/2020-22:09:07.88 
STARTED AT - 2020-06-13T22:09:08.677171
here1
here2
ENDED AT - 2020-06-13T22:09:08.722170
Sat 06/13/2020-22:09:08.79 
------------------------------------END------------------------------------------ 
------------------------------------START------------------------------------------ 
Sat 06/13/2020-22:11:09.26 
STARTED AT - 2020-06-13T22:11:09.881824
here1
here2
ENDED AT - 2020-06-13T22:11:09.924823
Sat 06/13/2020-22:11:10.00 
------------------------------------END------------------------------------------ 
------------------------------------START------------------------------------------ 
Sat 06/13/2020-22:16:09.25 
STARTED AT - 2020-06-13T22:16:09.885250
here1
here2
ENDED AT - 2020-06-13T22:16:09.933250
Sat 06/13/2020-22:16:10.02 
------------------------------------END------------------------------------------ 
------------------------------------START------------------------------------------ 
Sat 06/13/2020-22:21:09.25 
STARTED AT - 2020-06-13T22:21:09.853630
here1
here2
ENDED AT - 2020-06-13T22:21:09.900511
Sat 06/13/2020-22:21:09.99 
------------------------------------END------------------------------------------ 
------------------------------------START------------------------------------------ 
Sat 06/13/2020-22:26:09.25 
STARTED AT - 2020-06-13T22:26:09.899805
here1
here2
ENDED AT - 2020-06-13T22:26:09.939808
Sat 06/13/2020-22:26:10.00 
------------------------------------END------------------------------------------ 
------------------------------------START------------------------------------------ 
Sat 06/13/2020-22:31:09.25 
STARTED AT - 2020-06-13T22:31:09.869375
here1
here2
ENDED AT - 2020-06-13T22:31:09.909376
Sat 06/13/2020-22:31:09.98 
------------------------------------END------------------------------------------ 
------------------------------------START------------------------------------------ 
Sat 06/13/2020-22:36:09.26 
STARTED AT - 2020-06-13T22:36:09.908920
here1
here2
ENDED AT - 2020-06-13T22:36:09.941261
Sat 06/13/2020-22:36:10.01 
------------------------------------END------------------------------------------ 
------------------------------------START------------------------------------------ 
Sat 06/13/2020-22:41:09.25 
STARTED AT - 2020-06-13T22:41:09.886972
here1
here2
ENDED AT - 2020-06-13T22:41:09.937399
Sat 06/13/2020-22:41:10.01 
------------------------------------END------------------------------------------ 
------------------------------------START------------------------------------------ 
Sat 06/13/2020-22:46:09.26 
STARTED AT - 2020-06-13T22:46:09.869867
here1
here2
ENDED AT - 2020-06-13T22:46:09.910863
Sat 06/13/2020-22:46:09.99 
------------------------------------END------------------------------------------ 
------------------------------------START------------------------------------------ 
Sat 06/13/2020-22:51:09.27 
STARTED AT - 2020-06-13T22:51:09.960739
here1
here2
ENDED AT - 2020-06-13T22:51:10.007736
Sat 06/13/2020-22:51:10.09 
------------------------------------END------------------------------------------ 
------------------------------------START------------------------------------------ 
Sat 06/13/2020-22:56:09.25 
STARTED AT - 2020-06-13T22:56:09.903621
here1
here2
ENDED AT - 2020-06-13T22:56:09.945622
Sat 06/13/2020-22:56:10.01 
------------------------------------END------------------------------------------ 
------------------------------------START------------------------------------------ 
Sat 06/13/2020-23:01:09.25 
STARTED AT - 2020-06-13T23:01:09.885612
here1
here2
ENDED AT - 2020-06-13T23:01:09.935624
Sat 06/13/2020-23:01:10.00 
------------------------------------END------------------------------------------ 
------------------------------------START------------------------------------------ 
Sat 06/13/2020-23:06:09.24 
STARTED AT - 2020-06-13T23:06:09.875407
here1
here2
ENDED AT - 2020-06-13T23:06:09.927028
Sat 06/13/2020-23:06:09.99 
------------------------------------END------------------------------------------ 
------------------------------------START------------------------------------------ 
Sat 06/13/2020-23:11:09.24 
STARTED AT - 2020-06-13T23:11:09.852469
here1
here2
ENDED AT - 2020-06-13T23:11:09.899470
Sat 06/13/2020-23:11:09.98 
------------------------------------END------------------------------------------ 
------------------------------------START------------------------------------------ 
Sat 06/13/2020-23:14:49.04 
STARTED AT - 2020-06-13T23:14:49.669098
Sat 06/13/2020-23:14:49.76 
------------------------------------END------------------------------------------ 
------------------------------------START------------------------------------------ 
Sat 06/13/2020-23:15:18.55 
STARTED AT - 2020-06-13T23:15:19.238141
Sat 06/13/2020-23:15:19.33 
------------------------------------END------------------------------------------ 
------------------------------------START------------------------------------------ 
Sat 06/13/2020-23:16:09.25 
STARTED AT - 2020-06-13T23:16:09.895531
Sat 06/13/2020-23:16:09.99 
------------------------------------END------------------------------------------ 
------------------------------------START------------------------------------------ 
Sat 06/13/2020-23:17:31.71 
STARTED AT - 2020-06-13T23:17:32.325680
Traceback (most recent call last):
  File "update_terms.py", line 10, in <module>
    for x in tqdm(tracker_result, desc="Terms", ascii=True,  file=sys.stdout):
NameError: name 'sys' is not defined
Sat 06/13/2020-23:17:32.41 
------------------------------------END------------------------------------------ 
------------------------------------START------------------------------------------ 
Sat 06/13/2020-23:18:02.28 
STARTED AT - 2020-06-13T23:18:02.906526
Traceback (most recent call last):
  File "update_terms.py", line 10, in <module>
    for x in tqdm(tracker_result, desc="Terms", ascii=True,  file=sys.stdout):
NameError: name 'sys' is not defined
Sat 06/13/2020-23:18:03.01 
------------------------------------END------------------------------------------ 
------------------------------------START------------------------------------------ 
Sat 06/13/2020-23:18:29.20 
STARTED AT - 2020-06-13T23:18:29.874954

Terms:   0%|          | 0/1 [00:00<?, ?it/s]here1
here2

Terms: 100%|##########| 1/1 [00:00<00:00, 58.84it/s]
ENDED AT - 2020-06-13T23:18:29.916954
Sat 06/13/2020-23:18:29.99 
------------------------------------END------------------------------------------ 
------------------------------------START------------------------------------------ 
Sat 06/13/2020-23:21:09.30 
STARTED AT - 2020-06-13T23:21:09.959959

Terms:   0%|          | 0/1 [00:00<?, ?it/s]here1
here2

Terms: 100%|##########| 1/1 [00:00<00:00, 58.81it/s]
ENDED AT - 2020-06-13T23:21:10.002963
Sat 06/13/2020-23:21:10.07 
------------------------------------END------------------------------------------ 
------------------------------------START------------------------------------------ 
Sat 06/13/2020-23:26:09.25 
STARTED AT - 2020-06-13T23:26:09.955565

Terms:   0%|          | 0/1 [00:00<?, ?it/s]here1
here2

Terms: 100%|##########| 1/1 [00:00<00:00, 55.55it/s]
ENDED AT - 2020-06-13T23:26:10.002566
Sat 06/13/2020-23:26:10.07 
------------------------------------END------------------------------------------ 
------------------------------------START------------------------------------------ 
Sat 06/13/2020-23:31:09.26 
STARTED AT - 2020-06-13T23:31:09.936193

Terms:   0%|          | 0/1 [00:00<?, ?it/s]here1
here2

Terms: 100%|##########| 1/1 [00:00<00:00, 54.92it/s]
ENDED AT - 2020-06-13T23:31:09.981401
Sat 06/13/2020-23:31:10.05 
------------------------------------END------------------------------------------ 
------------------------------------START------------------------------------------ 
Sat 06/13/2020-23:36:09.24 
STARTED AT - 2020-06-13T23:36:09.869458

Terms:   0%|          | 0/1 [00:00<?, ?it/s]here1
here2

Terms: 100%|##########| 1/1 [00:00<00:00, 58.83it/s]
ENDED AT - 2020-06-13T23:36:09.915319
Sat 06/13/2020-23:36:09.98 
------------------------------------END------------------------------------------ 
------------------------------------START------------------------------------------ 
Sat 06/13/2020-23:41:09.25 
STARTED AT - 2020-06-13T23:41:09.929668

Terms:   0%|          | 0/1 [00:00<?, ?it/s]here1
here2

Terms: 100%|##########| 1/1 [00:00<00:00, 50.00it/s]
ENDED AT - 2020-06-13T23:41:09.975667
Sat 06/13/2020-23:41:10.05 
------------------------------------END------------------------------------------ 
------------------------------------START------------------------------------------ 
Sat 06/13/2020-23:46:09.24 
STARTED AT - 2020-06-13T23:46:09.876273

Terms:   0%|          | 0/1 [00:00<?, ?it/s]here1
here2

Terms: 100%|##########| 1/1 [00:00<00:00, 62.50it/s]
ENDED AT - 2020-06-13T23:46:09.926622
Sat 06/13/2020-23:46:09.99 
------------------------------------END------------------------------------------ 
------------------------------------START------------------------------------------ 
Sat 06/13/2020-23:51:09.29 
STARTED AT - 2020-06-13T23:51:10.052117

Terms:   0%|          | 0/1 [00:00<?, ?it/s]here1
here2

Terms: 100%|##########| 1/1 [00:00<00:00, 38.90it/s]
ENDED AT - 2020-06-13T23:51:10.117827
Sat 06/13/2020-23:51:10.21 
------------------------------------END------------------------------------------ 
------------------------------------START------------------------------------------ 
Sat 06/13/2020-23:56:09.39 
STARTED AT - 2020-06-13T23:56:10.263545

Terms:   0%|          | 0/1 [00:00<?, ?it/s]here1
here2

Terms: 100%|##########| 1/1 [00:00<00:00, 47.63it/s]
ENDED AT - 2020-06-13T23:56:10.311546
Sat 06/13/2020-23:56:10.44 
------------------------------------END------------------------------------------ 
