------------------------------------START------------------------------------------ 
Sat 06/13/2020-22:09:06.61 
done getting config
STARTED AT - 2020-06-13T22:09:07.821709
ENDED AT - 2020-06-13T22:09:07.884215
Sat 06/13/2020-22:09:08.06 
------------------------------------END------------------------------------------ 
------------------------------------START------------------------------------------ 
Sat 06/13/2020-22:12:07.24 
done getting config
STARTED AT - 2020-06-13T22:12:08.388219
ENDED AT - 2020-06-13T22:12:08.449217
Sat 06/13/2020-22:12:08.58 
------------------------------------END------------------------------------------ 
------------------------------------START------------------------------------------ 
Sat 06/13/2020-22:17:07.27 
done getting config
STARTED AT - 2020-06-13T22:17:08.400424
ENDED AT - 2020-06-13T22:17:08.462924
Sat 06/13/2020-22:17:08.59 
------------------------------------END------------------------------------------ 
------------------------------------START------------------------------------------ 
Sat 06/13/2020-22:22:07.26 
done getting config
STARTED AT - 2020-06-13T22:22:08.407157
ENDED AT - 2020-06-13T22:22:08.470158
Sat 06/13/2020-22:22:08.59 
------------------------------------END------------------------------------------ 
------------------------------------START------------------------------------------ 
Sat 06/13/2020-22:27:07.25 
done getting config
STARTED AT - 2020-06-13T22:27:08.397863
ENDED AT - 2020-06-13T22:27:08.456862
Sat 06/13/2020-22:27:08.58 
------------------------------------END------------------------------------------ 
------------------------------------START------------------------------------------ 
Sat 06/13/2020-22:32:07.25 
done getting config
STARTED AT - 2020-06-13T22:32:08.431699
ENDED AT - 2020-06-13T22:32:08.503699
Sat 06/13/2020-22:32:08.63 
------------------------------------END------------------------------------------ 
------------------------------------START------------------------------------------ 
Sat 06/13/2020-22:37:07.23 
done getting config
STARTED AT - 2020-06-13T22:37:08.417786
ENDED AT - 2020-06-13T22:37:08.481784
Sat 06/13/2020-22:37:08.61 
------------------------------------END------------------------------------------ 
------------------------------------START------------------------------------------ 
Sat 06/13/2020-22:42:07.24 
done getting config
STARTED AT - 2020-06-13T22:42:08.398168
ENDED AT - 2020-06-13T22:42:08.458167
Sat 06/13/2020-22:42:08.59 
------------------------------------END------------------------------------------ 
------------------------------------START------------------------------------------ 
Sat 06/13/2020-22:47:07.26 
done getting config
STARTED AT - 2020-06-13T22:47:08.392714
ENDED AT - 2020-06-13T22:47:08.454714
Sat 06/13/2020-22:47:08.59 
------------------------------------END------------------------------------------ 
------------------------------------START------------------------------------------ 
Sat 06/13/2020-22:52:07.25 
done getting config
STARTED AT - 2020-06-13T22:52:08.399024
ENDED AT - 2020-06-13T22:52:08.465024
Sat 06/13/2020-22:52:08.60 
------------------------------------END------------------------------------------ 
------------------------------------START------------------------------------------ 
Sat 06/13/2020-22:57:07.23 
done getting config
STARTED AT - 2020-06-13T22:57:08.366025
ENDED AT - 2020-06-13T22:57:08.426028
Sat 06/13/2020-22:57:08.57 
------------------------------------END------------------------------------------ 
------------------------------------START------------------------------------------ 
Sat 06/13/2020-23:02:07.22 
done getting config
STARTED AT - 2020-06-13T23:02:08.373648
ENDED AT - 2020-06-13T23:02:08.442652
Sat 06/13/2020-23:02:08.58 
------------------------------------END------------------------------------------ 
------------------------------------START------------------------------------------ 
Sat 06/13/2020-23:07:07.23 
done getting config
STARTED AT - 2020-06-13T23:07:08.371262
ENDED AT - 2020-06-13T23:07:08.434263
Sat 06/13/2020-23:07:08.60 
------------------------------------END------------------------------------------ 
------------------------------------START------------------------------------------ 
Sat 06/13/2020-23:12:07.23 
done getting config
STARTED AT - 2020-06-13T23:12:08.362671
ENDED AT - 2020-06-13T23:12:08.431672
Sat 06/13/2020-23:12:08.57 
------------------------------------END------------------------------------------ 
------------------------------------START------------------------------------------ 
Sat 06/13/2020-23:17:07.25 
done getting config
STARTED AT - 2020-06-13T23:17:08.370307
ENDED AT - 2020-06-13T23:17:08.432804
Sat 06/13/2020-23:17:08.57 
------------------------------------END------------------------------------------ 
------------------------------------START------------------------------------------ 
Sat 06/13/2020-23:22:07.23 
done getting config
STARTED AT - 2020-06-13T23:22:08.397246
ENDED AT - 2020-06-13T23:22:08.449081
Sat 06/13/2020-23:22:08.58 
------------------------------------END------------------------------------------ 
------------------------------------START------------------------------------------ 
Sat 06/13/2020-23:27:07.23 
done getting config
STARTED AT - 2020-06-13T23:27:08.355174
ENDED AT - 2020-06-13T23:27:08.434860
Sat 06/13/2020-23:27:08.58 
------------------------------------END------------------------------------------ 
------------------------------------START------------------------------------------ 
Sat 06/13/2020-23:32:07.25 
done getting config
STARTED AT - 2020-06-13T23:32:08.368852
ENDED AT - 2020-06-13T23:32:08.431352
Sat 06/13/2020-23:32:08.57 
------------------------------------END------------------------------------------ 
------------------------------------START------------------------------------------ 
Sat 06/13/2020-23:37:07.23 
done getting config
STARTED AT - 2020-06-13T23:37:08.369540
ENDED AT - 2020-06-13T23:37:08.432038
Sat 06/13/2020-23:37:08.57 
------------------------------------END------------------------------------------ 
------------------------------------START------------------------------------------ 
Sat 06/13/2020-23:42:07.24 
done getting config
STARTED AT - 2020-06-13T23:42:08.393063
ENDED AT - 2020-06-13T23:42:08.448868
Sat 06/13/2020-23:42:08.59 
------------------------------------END------------------------------------------ 
------------------------------------START------------------------------------------ 
Sat 06/13/2020-23:47:07.22 
done getting config
STARTED AT - 2020-06-13T23:47:08.370063
ENDED AT - 2020-06-13T23:47:08.432562
Sat 06/13/2020-23:47:08.59 
------------------------------------END------------------------------------------ 
------------------------------------START------------------------------------------ 
Sat 06/13/2020-23:52:07.28 
done getting config
STARTED AT - 2020-06-13T23:52:08.497338
ENDED AT - 2020-06-13T23:52:08.567338
Sat 06/13/2020-23:52:08.71 
------------------------------------END------------------------------------------ 
------------------------------------START------------------------------------------ 
Sat 06/13/2020-23:57:07.34 
done getting config
STARTED AT - 2020-06-13T23:57:08.647811
ENDED AT - 2020-06-13T23:57:08.703574
Sat 06/13/2020-23:57:08.88 
------------------------------------END------------------------------------------ 
